<?xml version="1.0" encoding="UTF-8"?>
<!-- Generated by org.testng.reporters.JUnitReportReporter -->
<testsuite hostname="LAPTOP-RP61NQ22" failures="0" tests="1" name="com.AdminModule.AdminTest" time="0.011" errors="0" timestamp="2023-09-30T15:09:14 IST" skipped="0">
  <testcase classname="com.AdminModule.AdminTest" name="test" time="0.011"/>
</testsuite> <!-- com.AdminModule.AdminTest -->
